{"/home/raghav-maheshwari/Raghav/Software_Engg_Project/Server/node-server/src/controllers/wallet.controller.js": {"path":"/home/raghav-maheshwari/Raghav/Software_Engg_Project/Server/node-server/src/controllers/wallet.controller.js","statementMap":{"0":{"start":{"line":6,"column":4},"end":{"line":39,"column":5}},"1":{"start":{"line":7,"column":35},"end":{"line":7,"column":43}},"2":{"start":{"line":9,"column":8},"end":{"line":13,"column":9}},"3":{"start":{"line":10,"column":12},"end":{"line":12,"column":15}},"4":{"start":{"line":15,"column":21},"end":{"line":15,"column":61}},"5":{"start":{"line":17,"column":8},"end":{"line":23,"column":9}},"6":{"start":{"line":18,"column":12},"end":{"line":22,"column":15}},"7":{"start":{"line":26,"column":8},"end":{"line":26,"column":36}},"8":{"start":{"line":28,"column":8},"end":{"line":31,"column":11}},"9":{"start":{"line":34,"column":8},"end":{"line":34,"column":27}},"10":{"start":{"line":36,"column":8},"end":{"line":38,"column":11}},"11":{"start":{"line":43,"column":4},"end":{"line":77,"column":5}},"12":{"start":{"line":44,"column":35},"end":{"line":44,"column":44}},"13":{"start":{"line":46,"column":8},"end":{"line":50,"column":9}},"14":{"start":{"line":47,"column":12},"end":{"line":49,"column":15}},"15":{"start":{"line":52,"column":23},"end":{"line":52,"column":63}},"16":{"start":{"line":54,"column":8},"end":{"line":58,"column":9}},"17":{"start":{"line":55,"column":12},"end":{"line":57,"column":15}},"18":{"start":{"line":60,"column":29},"end":{"line":63,"column":34}},"19":{"start":{"line":65,"column":8},"end":{"line":69,"column":11}},"20":{"start":{"line":72,"column":8},"end":{"line":72,"column":27}},"21":{"start":{"line":74,"column":8},"end":{"line":76,"column":11}}},"fnMap":{"0":{"name":"registerWallet","decl":{"start":{"line":5,"column":22},"end":{"line":5,"column":36}},"loc":{"start":{"line":5,"column":47},"end":{"line":40,"column":1}},"line":5},"1":{"name":"getWalletTransactions","decl":{"start":{"line":42,"column":22},"end":{"line":42,"column":43}},"loc":{"start":{"line":42,"column":54},"end":{"line":78,"column":1}},"line":42}},"branchMap":{"0":{"loc":{"start":{"line":9,"column":8},"end":{"line":13,"column":9}},"type":"if","locations":[{"start":{"line":9,"column":8},"end":{"line":13,"column":9}},{"start":{},"end":{}}],"line":9},"1":{"loc":{"start":{"line":9,"column":12},"end":{"line":9,"column":30}},"type":"binary-expr","locations":[{"start":{"line":9,"column":12},"end":{"line":9,"column":20}},{"start":{"line":9,"column":24},"end":{"line":9,"column":30}}],"line":9},"2":{"loc":{"start":{"line":17,"column":8},"end":{"line":23,"column":9}},"type":"if","locations":[{"start":{"line":17,"column":8},"end":{"line":23,"column":9}},{"start":{},"end":{}}],"line":17},"3":{"loc":{"start":{"line":46,"column":8},"end":{"line":50,"column":9}},"type":"if","locations":[{"start":{"line":46,"column":8},"end":{"line":50,"column":9}},{"start":{},"end":{}}],"line":46},"4":{"loc":{"start":{"line":46,"column":12},"end":{"line":46,"column":30}},"type":"binary-expr","locations":[{"start":{"line":46,"column":12},"end":{"line":46,"column":20}},{"start":{"line":46,"column":24},"end":{"line":46,"column":30}}],"line":46},"5":{"loc":{"start":{"line":54,"column":8},"end":{"line":58,"column":9}},"type":"if","locations":[{"start":{"line":54,"column":8},"end":{"line":58,"column":9}},{"start":{},"end":{}}],"line":54}},"s":{"0":2,"1":2,"2":2,"3":1,"4":1,"5":1,"6":1,"7":1,"8":1,"9":0,"10":0,"11":1,"12":1,"13":1,"14":0,"15":1,"16":1,"17":0,"18":1,"19":1,"20":0,"21":0},"f":{"0":2,"1":1},"b":{"0":[1,1],"1":[2,2],"2":[1,0],"3":[0,1],"4":[1,1],"5":[0,1]},"inputSourceMap":null,"_coverageSchema":"1a1c01bbd47fc00a2c39e90264f33305004495a9","hash":"a893092c68790589e1814fc580308650d25cc626"}
,"/home/raghav-maheshwari/Raghav/Software_Engg_Project/Server/node-server/src/services/goldrush.service.js": {"path":"/home/raghav-maheshwari/Raghav/Software_Engg_Project/Server/node-server/src/services/goldrush.service.js","statementMap":{"0":{"start":{"line":7,"column":22},"end":{"line":14,"column":1}},"1":{"start":{"line":16,"column":25},"end":{"line":16,"column":51}},"2":{"start":{"line":21,"column":2},"end":{"line":23,"column":3}},"3":{"start":{"line":22,"column":4},"end":{"line":22,"column":117}},"4":{"start":{"line":26,"column":22},"end":{"line":26,"column":51}},"5":{"start":{"line":28,"column":2},"end":{"line":28,"column":20}},"6":{"start":{"line":30,"column":17},"end":{"line":30,"column":45}},"7":{"start":{"line":31,"column":20},"end":{"line":31,"column":99}},"8":{"start":{"line":33,"column":2},"end":{"line":35,"column":3}},"9":{"start":{"line":34,"column":4},"end":{"line":34,"column":88}},"10":{"start":{"line":39,"column":21},"end":{"line":42,"column":4}},"11":{"start":{"line":44,"column":2},"end":{"line":111,"column":3}},"12":{"start":{"line":45,"column":20},"end":{"line":49,"column":5}},"13":{"start":{"line":51,"column":19},"end":{"line":51,"column":21}},"14":{"start":{"line":52,"column":4},"end":{"line":52,"column":39}},"15":{"start":{"line":52,"column":16},"end":{"line":52,"column":39}},"16":{"start":{"line":54,"column":21},"end":{"line":63,"column":5}},"17":{"start":{"line":66,"column":17},"end":{"line":66,"column":53}},"18":{"start":{"line":68,"column":18},"end":{"line":68,"column":35}},"19":{"start":{"line":69,"column":4},"end":{"line":71,"column":5}},"20":{"start":{"line":70,"column":6},"end":{"line":70,"column":67}},"21":{"start":{"line":73,"column":4},"end":{"line":84,"column":6}},"22":{"start":{"line":74,"column":37},"end":{"line":82,"column":7}},"23":{"start":{"line":86,"column":19},"end":{"line":86,"column":40}},"24":{"start":{"line":87,"column":17},"end":{"line":87,"column":26}},"25":{"start":{"line":89,"column":6},"end":{"line":92,"column":10}},"26":{"start":{"line":94,"column":4},"end":{"line":99,"column":6}},"27":{"start":{"line":102,"column":20},"end":{"line":107,"column":5}},"28":{"start":{"line":108,"column":4},"end":{"line":108,"column":24}},"29":{"start":{"line":109,"column":4},"end":{"line":109,"column":37}},"30":{"start":{"line":110,"column":4},"end":{"line":110,"column":18}}},"fnMap":{"0":{"name":"fetchGoldrushTxs","decl":{"start":{"line":18,"column":15},"end":{"line":18,"column":31}},"loc":{"start":{"line":18,"column":56},"end":{"line":112,"column":1}},"line":18},"1":{"name":"(anonymous_1)","decl":{"start":{"line":74,"column":30},"end":{"line":74,"column":31}},"loc":{"start":{"line":74,"column":37},"end":{"line":82,"column":7}},"line":74}},"branchMap":{"0":{"loc":{"start":{"line":21,"column":2},"end":{"line":23,"column":3}},"type":"if","locations":[{"start":{"line":21,"column":2},"end":{"line":23,"column":3}},{"start":{},"end":{}}],"line":21},"1":{"loc":{"start":{"line":21,"column":6},"end":{"line":21,"column":107}},"type":"binary-expr","locations":[{"start":{"line":21,"column":6},"end":{"line":21,"column":27}},{"start":{"line":21,"column":31},"end":{"line":21,"column":53}},{"start":{"line":21,"column":57},"end":{"line":21,"column":81}},{"start":{"line":21,"column":85},"end":{"line":21,"column":107}}],"line":21},"2":{"loc":{"start":{"line":26,"column":22},"end":{"line":26,"column":51}},"type":"binary-expr","locations":[{"start":{"line":26,"column":22},"end":{"line":26,"column":42}},{"start":{"line":26,"column":46},"end":{"line":26,"column":51}}],"line":26},"3":{"loc":{"start":{"line":31,"column":20},"end":{"line":31,"column":99}},"type":"binary-expr","locations":[{"start":{"line":31,"column":20},"end":{"line":31,"column":62}},{"start":{"line":31,"column":66},"end":{"line":31,"column":99}}],"line":31},"4":{"loc":{"start":{"line":33,"column":2},"end":{"line":35,"column":3}},"type":"if","locations":[{"start":{"line":33,"column":2},"end":{"line":35,"column":3}},{"start":{},"end":{}}],"line":33},"5":{"loc":{"start":{"line":40,"column":24},"end":{"line":40,"column":83}},"type":"cond-expr","locations":[{"start":{"line":40,"column":71},"end":{"line":40,"column":76}},{"start":{"line":40,"column":79},"end":{"line":40,"column":83}}],"line":40},"6":{"loc":{"start":{"line":52,"column":4},"end":{"line":52,"column":39}},"type":"if","locations":[{"start":{"line":52,"column":4},"end":{"line":52,"column":39}},{"start":{},"end":{}}],"line":52},"7":{"loc":{"start":{"line":66,"column":17},"end":{"line":66,"column":53}},"type":"binary-expr","locations":[{"start":{"line":66,"column":17},"end":{"line":66,"column":36}},{"start":{"line":66,"column":40},"end":{"line":66,"column":53}}],"line":66},"8":{"loc":{"start":{"line":68,"column":18},"end":{"line":68,"column":35}},"type":"binary-expr","locations":[{"start":{"line":68,"column":18},"end":{"line":68,"column":29}},{"start":{"line":68,"column":33},"end":{"line":68,"column":35}}],"line":68},"9":{"loc":{"start":{"line":69,"column":4},"end":{"line":71,"column":5}},"type":"if","locations":[{"start":{"line":69,"column":4},"end":{"line":71,"column":5}},{"start":{},"end":{}}],"line":69},"10":{"loc":{"start":{"line":89,"column":6},"end":{"line":92,"column":10}},"type":"binary-expr","locations":[{"start":{"line":89,"column":6},"end":{"line":89,"column":40}},{"start":{"line":90,"column":6},"end":{"line":90,"column":34}},{"start":{"line":91,"column":6},"end":{"line":91,"column":32}},{"start":{"line":92,"column":6},"end":{"line":92,"column":10}}],"line":89},"11":{"loc":{"start":{"line":96,"column":9},"end":{"line":96,"column":44}},"type":"cond-expr","locations":[{"start":{"line":96,"column":18},"end":{"line":96,"column":39}},{"start":{"line":96,"column":42},"end":{"line":96,"column":44}}],"line":96},"12":{"loc":{"start":{"line":97,"column":9},"end":{"line":97,"column":38}},"type":"cond-expr","locations":[{"start":{"line":97,"column":16},"end":{"line":97,"column":33}},{"start":{"line":97,"column":36},"end":{"line":97,"column":38}}],"line":97},"13":{"loc":{"start":{"line":98,"column":9},"end":{"line":98,"column":51}},"type":"cond-expr","locations":[{"start":{"line":98,"column":21},"end":{"line":98,"column":46}},{"start":{"line":98,"column":49},"end":{"line":98,"column":51}}],"line":98},"14":{"loc":{"start":{"line":104,"column":9},"end":{"line":104,"column":44}},"type":"cond-expr","locations":[{"start":{"line":104,"column":18},"end":{"line":104,"column":39}},{"start":{"line":104,"column":42},"end":{"line":104,"column":44}}],"line":104},"15":{"loc":{"start":{"line":105,"column":9},"end":{"line":105,"column":38}},"type":"cond-expr","locations":[{"start":{"line":105,"column":16},"end":{"line":105,"column":33}},{"start":{"line":105,"column":36},"end":{"line":105,"column":38}}],"line":105},"16":{"loc":{"start":{"line":106,"column":9},"end":{"line":106,"column":78}},"type":"cond-expr","locations":[{"start":{"line":106,"column":21},"end":{"line":106,"column":37}},{"start":{"line":106,"column":40},"end":{"line":106,"column":78}}],"line":106},"17":{"loc":{"start":{"line":106,"column":40},"end":{"line":106,"column":78}},"type":"cond-expr","locations":[{"start":{"line":106,"column":55},"end":{"line":106,"column":73}},{"start":{"line":106,"column":76},"end":{"line":106,"column":78}}],"line":106}},"s":{"0":1,"1":1,"2":5,"3":0,"4":5,"5":5,"6":5,"7":5,"8":5,"9":0,"10":5,"11":5,"12":5,"13":5,"14":5,"15":0,"16":5,"17":4,"18":4,"19":4,"20":0,"21":4,"22":1,"23":1,"24":1,"25":1,"26":1,"27":1,"28":1,"29":1,"30":1},"f":{"0":5,"1":1},"b":{"0":[0,5],"1":[5,0,0,0],"2":[5,0],"3":[5,5],"4":[0,5],"5":[0,5],"6":[0,5],"7":[4,1],"8":[4,1],"9":[0,4],"10":[1,1,1,1],"11":[1,0],"12":[0,1],"13":[0,1],"14":[1,0],"15":[0,1],"16":[0,1],"17":[1,0]},"inputSourceMap":null,"_coverageSchema":"1a1c01bbd47fc00a2c39e90264f33305004495a9","hash":"7c3ecd87c200d440373f1f6818ef90089ae4aeb1"}
,"/home/raghav-maheshwari/Raghav/Software_Engg_Project/Server/node-server/src/services/ledger.service.js": {"path":"/home/raghav-maheshwari/Raghav/Software_Engg_Project/Server/node-server/src/services/ledger.service.js","statementMap":{"0":{"start":{"line":9,"column":19},"end":{"line":9,"column":124}},"1":{"start":{"line":12,"column":23},"end":{"line":12,"column":128}},"2":{"start":{"line":14,"column":29},"end":{"line":14,"column":63}},"3":{"start":{"line":15,"column":18},"end":{"line":15,"column":73}},"4":{"start":{"line":18,"column":2},"end":{"line":18,"column":61}},"5":{"start":{"line":18,"column":23},"end":{"line":18,"column":61}},"6":{"start":{"line":20,"column":16},"end":{"line":28,"column":3}},"7":{"start":{"line":21,"column":4},"end":{"line":27,"column":33}},"8":{"start":{"line":30,"column":2},"end":{"line":30,"column":59}},"9":{"start":{"line":30,"column":21},"end":{"line":30,"column":59}},"10":{"start":{"line":32,"column":14},"end":{"line":38,"column":5}},"11":{"start":{"line":32,"column":32},"end":{"line":38,"column":3}},"12":{"start":{"line":40,"column":14},"end":{"line":40,"column":66}},"13":{"start":{"line":41,"column":19},"end":{"line":41,"column":42}},"14":{"start":{"line":42,"column":2},"end":{"line":42,"column":69}},"15":{"start":{"line":47,"column":2},"end":{"line":47,"column":60}},"16":{"start":{"line":49,"column":2},"end":{"line":187,"column":3}},"17":{"start":{"line":51,"column":4},"end":{"line":53,"column":5}},"18":{"start":{"line":52,"column":6},"end":{"line":52,"column":118}},"19":{"start":{"line":55,"column":20},"end":{"line":55,"column":21}},"20":{"start":{"line":56,"column":23},"end":{"line":56,"column":24}},"21":{"start":{"line":57,"column":24},"end":{"line":57,"column":25}},"22":{"start":{"line":58,"column":26},"end":{"line":58,"column":27}},"23":{"start":{"line":59,"column":24},"end":{"line":59,"column":29}},"24":{"start":{"line":62,"column":4},"end":{"line":167,"column":5}},"25":{"start":{"line":63,"column":6},"end":{"line":63,"column":82}},"26":{"start":{"line":64,"column":19},"end":{"line":64,"column":23}},"27":{"start":{"line":65,"column":20},"end":{"line":65,"column":24}},"28":{"start":{"line":67,"column":6},"end":{"line":112,"column":7}},"29":{"start":{"line":68,"column":8},"end":{"line":111,"column":9}},"30":{"start":{"line":69,"column":10},"end":{"line":69,"column":22}},"31":{"start":{"line":70,"column":10},"end":{"line":73,"column":11}},"32":{"start":{"line":71,"column":12},"end":{"line":71,"column":73}},"33":{"start":{"line":72,"column":12},"end":{"line":72,"column":18}},"34":{"start":{"line":75,"column":12},"end":{"line":77,"column":13}},"35":{"start":{"line":76,"column":14},"end":{"line":76,"column":68}},"36":{"start":{"line":79,"column":10},"end":{"line":81,"column":12}},"37":{"start":{"line":83,"column":10},"end":{"line":83,"column":33}},"38":{"start":{"line":83,"column":27},"end":{"line":83,"column":33}},"39":{"start":{"line":85,"column":10},"end":{"line":85,"column":37}},"40":{"start":{"line":87,"column":26},"end":{"line":99,"column":15}},"41":{"start":{"line":88,"column":24},"end":{"line":99,"column":13}},"42":{"start":{"line":101,"column":43},"end":{"line":101,"column":71}},"43":{"start":{"line":102,"column":10},"end":{"line":102,"column":36}},"44":{"start":{"line":103,"column":10},"end":{"line":103,"column":40}},"45":{"start":{"line":105,"column":10},"end":{"line":105,"column":30}},"46":{"start":{"line":106,"column":10},"end":{"line":106,"column":33}},"47":{"start":{"line":108,"column":10},"end":{"line":108,"column":80}},"48":{"start":{"line":109,"column":10},"end":{"line":109,"column":31}},"49":{"start":{"line":110,"column":10},"end":{"line":110,"column":26}},"50":{"start":{"line":116,"column":9},"end":{"line":167,"column":5}},"51":{"start":{"line":117,"column":6},"end":{"line":117,"column":72}},"52":{"start":{"line":118,"column":19},"end":{"line":118,"column":20}},"53":{"start":{"line":119,"column":20},"end":{"line":119,"column":24}},"54":{"start":{"line":121,"column":6},"end":{"line":166,"column":7}},"55":{"start":{"line":122,"column":8},"end":{"line":165,"column":9}},"56":{"start":{"line":123,"column":10},"end":{"line":123,"column":22}},"57":{"start":{"line":124,"column":10},"end":{"line":127,"column":11}},"58":{"start":{"line":125,"column":12},"end":{"line":125,"column":73}},"59":{"start":{"line":126,"column":12},"end":{"line":126,"column":18}},"60":{"start":{"line":129,"column":12},"end":{"line":131,"column":13}},"61":{"start":{"line":130,"column":14},"end":{"line":130,"column":65}},"62":{"start":{"line":133,"column":10},"end":{"line":135,"column":12}},"63":{"start":{"line":137,"column":10},"end":{"line":137,"column":33}},"64":{"start":{"line":137,"column":27},"end":{"line":137,"column":33}},"65":{"start":{"line":139,"column":10},"end":{"line":139,"column":37}},"66":{"start":{"line":141,"column":26},"end":{"line":153,"column":15}},"67":{"start":{"line":142,"column":24},"end":{"line":153,"column":13}},"68":{"start":{"line":155,"column":43},"end":{"line":155,"column":71}},"69":{"start":{"line":156,"column":10},"end":{"line":156,"column":36}},"70":{"start":{"line":157,"column":10},"end":{"line":157,"column":40}},"71":{"start":{"line":159,"column":10},"end":{"line":159,"column":30}},"72":{"start":{"line":160,"column":10},"end":{"line":160,"column":38}},"73":{"start":{"line":162,"column":10},"end":{"line":162,"column":77}},"74":{"start":{"line":163,"column":10},"end":{"line":163,"column":31}},"75":{"start":{"line":164,"column":10},"end":{"line":164,"column":26}},"76":{"start":{"line":169,"column":4},"end":{"line":171,"column":6}},"77":{"start":{"line":174,"column":4},"end":{"line":174,"column":69}},"78":{"start":{"line":175,"column":4},"end":{"line":175,"column":24}},"79":{"start":{"line":177,"column":4},"end":{"line":177,"column":62}},"80":{"start":{"line":180,"column":4},"end":{"line":180,"column":77}},"81":{"start":{"line":181,"column":4},"end":{"line":181,"column":33}},"82":{"start":{"line":182,"column":4},"end":{"line":186,"column":5}},"83":{"start":{"line":183,"column":6},"end":{"line":183,"column":26}},"84":{"start":{"line":185,"column":6},"end":{"line":185,"column":67}}},"fnMap":{"0":{"name":"insertEntries","decl":{"start":{"line":17,"column":15},"end":{"line":17,"column":28}},"loc":{"start":{"line":17,"column":38},"end":{"line":43,"column":1}},"line":17},"1":{"name":"(anonymous_1)","decl":{"start":{"line":20,"column":31},"end":{"line":20,"column":32}},"loc":{"start":{"line":21,"column":4},"end":{"line":27,"column":33}},"line":21},"2":{"name":"(anonymous_2)","decl":{"start":{"line":32,"column":24},"end":{"line":32,"column":25}},"loc":{"start":{"line":32,"column":32},"end":{"line":38,"column":3}},"line":32},"3":{"name":"startHistoricalSync","decl":{"start":{"line":45,"column":15},"end":{"line":45,"column":34}},"loc":{"start":{"line":45,"column":43},"end":{"line":188,"column":1}},"line":45},"4":{"name":"(anonymous_4)","decl":{"start":{"line":75,"column":35},"end":{"line":75,"column":36}},"loc":{"start":{"line":76,"column":14},"end":{"line":76,"column":68}},"line":76},"5":{"name":"(anonymous_5)","decl":{"start":{"line":88,"column":17},"end":{"line":88,"column":18}},"loc":{"start":{"line":88,"column":24},"end":{"line":99,"column":13}},"line":88},"6":{"name":"(anonymous_6)","decl":{"start":{"line":129,"column":35},"end":{"line":129,"column":36}},"loc":{"start":{"line":130,"column":14},"end":{"line":130,"column":65}},"line":130},"7":{"name":"(anonymous_7)","decl":{"start":{"line":142,"column":17},"end":{"line":142,"column":18}},"loc":{"start":{"line":142,"column":24},"end":{"line":153,"column":13}},"line":142}},"branchMap":{"0":{"loc":{"start":{"line":15,"column":34},"end":{"line":15,"column":68}},"type":"binary-expr","locations":[{"start":{"line":15,"column":34},"end":{"line":15,"column":60}},{"start":{"line":15,"column":64},"end":{"line":15,"column":68}}],"line":15},"1":{"loc":{"start":{"line":18,"column":2},"end":{"line":18,"column":61}},"type":"if","locations":[{"start":{"line":18,"column":2},"end":{"line":18,"column":61}},{"start":{},"end":{}}],"line":18},"2":{"loc":{"start":{"line":21,"column":4},"end":{"line":27,"column":33}},"type":"binary-expr","locations":[{"start":{"line":21,"column":4},"end":{"line":21,"column":33}},{"start":{"line":22,"column":4},"end":{"line":22,"column":32}},{"start":{"line":23,"column":4},"end":{"line":23,"column":33}},{"start":{"line":23,"column":37},"end":{"line":23,"column":56}},{"start":{"line":24,"column":4},"end":{"line":24,"column":35}},{"start":{"line":25,"column":4},"end":{"line":25,"column":33}},{"start":{"line":26,"column":4},"end":{"line":26,"column":36}},{"start":{"line":27,"column":4},"end":{"line":27,"column":33}}],"line":21},"3":{"loc":{"start":{"line":30,"column":2},"end":{"line":30,"column":59}},"type":"if","locations":[{"start":{"line":30,"column":2},"end":{"line":30,"column":59}},{"start":{},"end":{}}],"line":30},"4":{"loc":{"start":{"line":41,"column":19},"end":{"line":41,"column":42}},"type":"binary-expr","locations":[{"start":{"line":41,"column":19},"end":{"line":41,"column":37}},{"start":{"line":41,"column":41},"end":{"line":41,"column":42}}],"line":41},"5":{"loc":{"start":{"line":51,"column":4},"end":{"line":53,"column":5}},"type":"if","locations":[{"start":{"line":51,"column":4},"end":{"line":53,"column":5}},{"start":{},"end":{}}],"line":51},"6":{"loc":{"start":{"line":62,"column":4},"end":{"line":167,"column":5}},"type":"if","locations":[{"start":{"line":62,"column":4},"end":{"line":167,"column":5}},{"start":{"line":116,"column":9},"end":{"line":167,"column":5}}],"line":62},"7":{"loc":{"start":{"line":70,"column":10},"end":{"line":73,"column":11}},"type":"if","locations":[{"start":{"line":70,"column":10},"end":{"line":73,"column":11}},{"start":{},"end":{}}],"line":70},"8":{"loc":{"start":{"line":83,"column":10},"end":{"line":83,"column":33}},"type":"if","locations":[{"start":{"line":83,"column":10},"end":{"line":83,"column":33}},{"start":{},"end":{}}],"line":83},"9":{"loc":{"start":{"line":91,"column":22},"end":{"line":91,"column":56}},"type":"cond-expr","locations":[{"start":{"line":91,"column":34},"end":{"line":91,"column":51}},{"start":{"line":91,"column":54},"end":{"line":91,"column":56}}],"line":91},"10":{"loc":{"start":{"line":92,"column":27},"end":{"line":92,"column":95}},"type":"cond-expr","locations":[{"start":{"line":92,"column":69},"end":{"line":92,"column":91}},{"start":{"line":92,"column":94},"end":{"line":92,"column":95}}],"line":92},"11":{"loc":{"start":{"line":93,"column":25},"end":{"line":93,"column":98}},"type":"cond-expr","locations":[{"start":{"line":93,"column":65},"end":{"line":93,"column":85}},{"start":{"line":93,"column":88},"end":{"line":93,"column":98}}],"line":93},"12":{"loc":{"start":{"line":97,"column":25},"end":{"line":97,"column":49}},"type":"binary-expr","locations":[{"start":{"line":97,"column":25},"end":{"line":97,"column":37}},{"start":{"line":97,"column":41},"end":{"line":97,"column":49}}],"line":97},"13":{"loc":{"start":{"line":116,"column":9},"end":{"line":167,"column":5}},"type":"if","locations":[{"start":{"line":116,"column":9},"end":{"line":167,"column":5}},{"start":{},"end":{}}],"line":116},"14":{"loc":{"start":{"line":124,"column":10},"end":{"line":127,"column":11}},"type":"if","locations":[{"start":{"line":124,"column":10},"end":{"line":127,"column":11}},{"start":{},"end":{}}],"line":124},"15":{"loc":{"start":{"line":137,"column":10},"end":{"line":137,"column":33}},"type":"if","locations":[{"start":{"line":137,"column":10},"end":{"line":137,"column":33}},{"start":{},"end":{}}],"line":137},"16":{"loc":{"start":{"line":145,"column":22},"end":{"line":145,"column":56}},"type":"cond-expr","locations":[{"start":{"line":145,"column":34},"end":{"line":145,"column":51}},{"start":{"line":145,"column":54},"end":{"line":145,"column":56}}],"line":145},"17":{"loc":{"start":{"line":146,"column":27},"end":{"line":146,"column":95}},"type":"cond-expr","locations":[{"start":{"line":146,"column":69},"end":{"line":146,"column":91}},{"start":{"line":146,"column":94},"end":{"line":146,"column":95}}],"line":146},"18":{"loc":{"start":{"line":147,"column":25},"end":{"line":147,"column":98}},"type":"cond-expr","locations":[{"start":{"line":147,"column":65},"end":{"line":147,"column":85}},{"start":{"line":147,"column":88},"end":{"line":147,"column":98}}],"line":147},"19":{"loc":{"start":{"line":151,"column":25},"end":{"line":151,"column":49}},"type":"binary-expr","locations":[{"start":{"line":151,"column":25},"end":{"line":151,"column":37}},{"start":{"line":151,"column":41},"end":{"line":151,"column":49}}],"line":151},"20":{"loc":{"start":{"line":174,"column":24},"end":{"line":174,"column":68}},"type":"cond-expr","locations":[{"start":{"line":174,"column":40},"end":{"line":174,"column":48}},{"start":{"line":174,"column":51},"end":{"line":174,"column":68}}],"line":174}},"s":{"0":1,"1":1,"2":1,"3":1,"4":2,"5":0,"6":2,"7":2,"8":2,"9":0,"10":2,"11":2,"12":2,"13":2,"14":2,"15":4,"16":4,"17":4,"18":0,"19":4,"20":4,"21":4,"22":4,"23":4,"24":4,"25":3,"26":3,"27":3,"28":3,"29":3,"30":3,"31":3,"32":0,"33":0,"34":3,"35":3,"36":2,"37":2,"38":1,"39":1,"40":1,"41":1,"42":1,"43":1,"44":1,"45":1,"46":1,"47":1,"48":1,"49":1,"50":1,"51":1,"52":1,"53":1,"54":1,"55":1,"56":1,"57":1,"58":0,"59":0,"60":1,"61":1,"62":1,"63":1,"64":0,"65":1,"66":1,"67":1,"68":1,"69":1,"70":1,"71":1,"72":1,"73":0,"74":0,"75":0,"76":4,"77":4,"78":4,"79":4,"80":0,"81":0,"82":0,"83":0,"84":0},"f":{"0":2,"1":2,"2":2,"3":4,"4":3,"5":1,"6":1,"7":1},"b":{"0":[1,1],"1":[0,2],"2":[2,2,2,2,2,2,2,2],"3":[0,2],"4":[2,0],"5":[0,4],"6":[3,1],"7":[0,3],"8":[1,1],"9":[1,0],"10":[1,0],"11":[1,0],"12":[1,0],"13":[1,0],"14":[0,1],"15":[0,1],"16":[1,0],"17":[1,0],"18":[1,0],"19":[1,0],"20":[1,3]},"inputSourceMap":null,"_coverageSchema":"1a1c01bbd47fc00a2c39e90264f33305004495a9","hash":"cd31de52de3555010ee2a62a2eeda8ad2719285d"}
,"/home/raghav-maheshwari/Raghav/Software_Engg_Project/Server/node-server/src/services/tatum.service.js": {"path":"/home/raghav-maheshwari/Raghav/Software_Engg_Project/Server/node-server/src/services/tatum.service.js","statementMap":{"0":{"start":{"line":5,"column":22},"end":{"line":20,"column":1}},"1":{"start":{"line":22,"column":20},"end":{"line":22,"column":55}},"2":{"start":{"line":23,"column":25},"end":{"line":23,"column":51}},"3":{"start":{"line":27,"column":2},"end":{"line":29,"column":3}},"4":{"start":{"line":28,"column":4},"end":{"line":28,"column":114}},"5":{"start":{"line":32,"column":22},"end":{"line":32,"column":42}},"6":{"start":{"line":34,"column":2},"end":{"line":34,"column":20}},"7":{"start":{"line":36,"column":17},"end":{"line":36,"column":42}},"8":{"start":{"line":38,"column":2},"end":{"line":40,"column":3}},"9":{"start":{"line":39,"column":4},"end":{"line":39,"column":82}},"10":{"start":{"line":42,"column":2},"end":{"line":172,"column":3}},"11":{"start":{"line":44,"column":21},"end":{"line":44,"column":23}},"12":{"start":{"line":47,"column":4},"end":{"line":102,"column":5}},"13":{"start":{"line":50,"column":25},"end":{"line":63,"column":7}},"14":{"start":{"line":66,"column":6},"end":{"line":83,"column":7}},"15":{"start":{"line":67,"column":8},"end":{"line":82,"column":9}},"16":{"start":{"line":68,"column":10},"end":{"line":72,"column":13}},"17":{"start":{"line":73,"column":10},"end":{"line":73,"column":25}},"18":{"start":{"line":74,"column":10},"end":{"line":74,"column":16}},"19":{"start":{"line":77,"column":10},"end":{"line":80,"column":11}},"20":{"start":{"line":78,"column":12},"end":{"line":78,"column":24}},"21":{"start":{"line":79,"column":12},"end":{"line":79,"column":21}},"22":{"start":{"line":81,"column":10},"end":{"line":81,"column":18}},"23":{"start":{"line":84,"column":6},"end":{"line":84,"column":46}},"24":{"start":{"line":84,"column":32},"end":{"line":84,"column":46}},"25":{"start":{"line":87,"column":6},"end":{"line":101,"column":8}},"26":{"start":{"line":104,"column":17},"end":{"line":104,"column":30}},"27":{"start":{"line":106,"column":4},"end":{"line":108,"column":5}},"28":{"start":{"line":107,"column":6},"end":{"line":107,"column":64}},"29":{"start":{"line":111,"column":23},"end":{"line":111,"column":25}},"30":{"start":{"line":113,"column":4},"end":{"line":119,"column":5}},"31":{"start":{"line":115,"column":6},"end":{"line":115,"column":103}},"32":{"start":{"line":118,"column":6},"end":{"line":118,"column":70}},"33":{"start":{"line":121,"column":4},"end":{"line":123,"column":5}},"34":{"start":{"line":122,"column":6},"end":{"line":122,"column":68}},"35":{"start":{"line":125,"column":4},"end":{"line":136,"column":6}},"36":{"start":{"line":126,"column":44},"end":{"line":134,"column":7}},"37":{"start":{"line":138,"column":19},"end":{"line":138,"column":40}},"38":{"start":{"line":139,"column":17},"end":{"line":139,"column":26}},"39":{"start":{"line":141,"column":6},"end":{"line":144,"column":10}},"40":{"start":{"line":147,"column":22},"end":{"line":147,"column":41}},"41":{"start":{"line":149,"column":4},"end":{"line":154,"column":6}},"42":{"start":{"line":157,"column":4},"end":{"line":159,"column":5}},"43":{"start":{"line":158,"column":6},"end":{"line":158,"column":80}},"44":{"start":{"line":162,"column":20},"end":{"line":167,"column":5}},"45":{"start":{"line":168,"column":4},"end":{"line":168,"column":24}},"46":{"start":{"line":169,"column":4},"end":{"line":169,"column":37}},"47":{"start":{"line":171,"column":4},"end":{"line":171,"column":18}}},"fnMap":{"0":{"name":"fetchTatumTxs","decl":{"start":{"line":25,"column":15},"end":{"line":25,"column":28}},"loc":{"start":{"line":25,"column":57},"end":{"line":173,"column":1}},"line":25},"1":{"name":"(anonymous_1)","decl":{"start":{"line":126,"column":37},"end":{"line":126,"column":38}},"loc":{"start":{"line":126,"column":44},"end":{"line":134,"column":7}},"line":126}},"branchMap":{"0":{"loc":{"start":{"line":25,"column":45},"end":{"line":25,"column":55}},"type":"default-arg","locations":[{"start":{"line":25,"column":54},"end":{"line":25,"column":55}}],"line":25},"1":{"loc":{"start":{"line":27,"column":2},"end":{"line":29,"column":3}},"type":"if","locations":[{"start":{"line":27,"column":2},"end":{"line":29,"column":3}},{"start":{},"end":{}}],"line":27},"2":{"loc":{"start":{"line":38,"column":2},"end":{"line":40,"column":3}},"type":"if","locations":[{"start":{"line":38,"column":2},"end":{"line":40,"column":3}},{"start":{},"end":{}}],"line":38},"3":{"loc":{"start":{"line":47,"column":4},"end":{"line":102,"column":5}},"type":"if","locations":[{"start":{"line":47,"column":4},"end":{"line":102,"column":5}},{"start":{"line":85,"column":11},"end":{"line":102,"column":5}}],"line":47},"4":{"loc":{"start":{"line":77,"column":10},"end":{"line":80,"column":11}},"type":"if","locations":[{"start":{"line":77,"column":10},"end":{"line":80,"column":11}},{"start":{},"end":{}}],"line":77},"5":{"loc":{"start":{"line":84,"column":6},"end":{"line":84,"column":46}},"type":"if","locations":[{"start":{"line":84,"column":6},"end":{"line":84,"column":46}},{"start":{},"end":{}}],"line":84},"6":{"loc":{"start":{"line":84,"column":10},"end":{"line":84,"column":30}},"type":"binary-expr","locations":[{"start":{"line":84,"column":10},"end":{"line":84,"column":19}},{"start":{"line":84,"column":23},"end":{"line":84,"column":30}}],"line":84},"7":{"loc":{"start":{"line":106,"column":4},"end":{"line":108,"column":5}},"type":"if","locations":[{"start":{"line":106,"column":4},"end":{"line":108,"column":5}},{"start":{},"end":{}}],"line":106},"8":{"loc":{"start":{"line":113,"column":4},"end":{"line":119,"column":5}},"type":"if","locations":[{"start":{"line":113,"column":4},"end":{"line":119,"column":5}},{"start":{"line":116,"column":11},"end":{"line":119,"column":5}}],"line":113},"9":{"loc":{"start":{"line":115,"column":21},"end":{"line":115,"column":102}},"type":"cond-expr","locations":[{"start":{"line":115,"column":43},"end":{"line":115,"column":47}},{"start":{"line":115,"column":51},"end":{"line":115,"column":101}}],"line":115},"10":{"loc":{"start":{"line":115,"column":51},"end":{"line":115,"column":101}},"type":"binary-expr","locations":[{"start":{"line":115,"column":51},"end":{"line":115,"column":59}},{"start":{"line":115,"column":63},"end":{"line":115,"column":80}},{"start":{"line":115,"column":84},"end":{"line":115,"column":95}},{"start":{"line":115,"column":99},"end":{"line":115,"column":101}}],"line":115},"11":{"loc":{"start":{"line":118,"column":21},"end":{"line":118,"column":69}},"type":"binary-expr","locations":[{"start":{"line":118,"column":21},"end":{"line":118,"column":32}},{"start":{"line":118,"column":37},"end":{"line":118,"column":68}}],"line":118},"12":{"loc":{"start":{"line":118,"column":37},"end":{"line":118,"column":68}},"type":"cond-expr","locations":[{"start":{"line":118,"column":59},"end":{"line":118,"column":63}},{"start":{"line":118,"column":66},"end":{"line":118,"column":68}}],"line":118},"13":{"loc":{"start":{"line":121,"column":4},"end":{"line":123,"column":5}},"type":"if","locations":[{"start":{"line":121,"column":4},"end":{"line":123,"column":5}},{"start":{},"end":{}}],"line":121},"14":{"loc":{"start":{"line":127,"column":16},"end":{"line":127,"column":54}},"type":"binary-expr","locations":[{"start":{"line":127,"column":16},"end":{"line":127,"column":23}},{"start":{"line":127,"column":27},"end":{"line":127,"column":34}},{"start":{"line":127,"column":38},"end":{"line":127,"column":45}},{"start":{"line":127,"column":49},"end":{"line":127,"column":54}}],"line":127},"15":{"loc":{"start":{"line":128,"column":21},"end":{"line":128,"column":52}},"type":"binary-expr","locations":[{"start":{"line":128,"column":21},"end":{"line":128,"column":35}},{"start":{"line":128,"column":39},"end":{"line":128,"column":47}},{"start":{"line":128,"column":51},"end":{"line":128,"column":52}}],"line":128},"16":{"loc":{"start":{"line":129,"column":28},"end":{"line":129,"column":79}},"type":"binary-expr","locations":[{"start":{"line":129,"column":28},"end":{"line":129,"column":38}},{"start":{"line":129,"column":42},"end":{"line":129,"column":54}},{"start":{"line":129,"column":58},"end":{"line":129,"column":65}},{"start":{"line":129,"column":69},"end":{"line":129,"column":79}}],"line":129},"17":{"loc":{"start":{"line":130,"column":14},"end":{"line":130,"column":45}},"type":"binary-expr","locations":[{"start":{"line":130,"column":14},"end":{"line":130,"column":21}},{"start":{"line":130,"column":25},"end":{"line":130,"column":34}},{"start":{"line":130,"column":38},"end":{"line":130,"column":45}}],"line":130},"18":{"loc":{"start":{"line":131,"column":12},"end":{"line":131,"column":44}},"type":"binary-expr","locations":[{"start":{"line":131,"column":12},"end":{"line":131,"column":17}},{"start":{"line":131,"column":21},"end":{"line":131,"column":33}},{"start":{"line":131,"column":37},"end":{"line":131,"column":44}}],"line":131},"19":{"loc":{"start":{"line":132,"column":15},"end":{"line":132,"column":43}},"type":"binary-expr","locations":[{"start":{"line":132,"column":15},"end":{"line":132,"column":24}},{"start":{"line":132,"column":28},"end":{"line":132,"column":36}},{"start":{"line":132,"column":40},"end":{"line":132,"column":43}}],"line":132},"20":{"loc":{"start":{"line":141,"column":6},"end":{"line":144,"column":10}},"type":"binary-expr","locations":[{"start":{"line":141,"column":6},"end":{"line":141,"column":40}},{"start":{"line":142,"column":6},"end":{"line":142,"column":34}},{"start":{"line":143,"column":6},"end":{"line":143,"column":32}},{"start":{"line":144,"column":6},"end":{"line":144,"column":10}}],"line":141},"21":{"loc":{"start":{"line":151,"column":9},"end":{"line":151,"column":44}},"type":"cond-expr","locations":[{"start":{"line":151,"column":18},"end":{"line":151,"column":39}},{"start":{"line":151,"column":42},"end":{"line":151,"column":44}}],"line":151},"22":{"loc":{"start":{"line":152,"column":9},"end":{"line":152,"column":38}},"type":"cond-expr","locations":[{"start":{"line":152,"column":16},"end":{"line":152,"column":33}},{"start":{"line":152,"column":36},"end":{"line":152,"column":38}}],"line":152},"23":{"loc":{"start":{"line":153,"column":9},"end":{"line":153,"column":51}},"type":"cond-expr","locations":[{"start":{"line":153,"column":21},"end":{"line":153,"column":46}},{"start":{"line":153,"column":49},"end":{"line":153,"column":51}}],"line":153},"24":{"loc":{"start":{"line":157,"column":4},"end":{"line":159,"column":5}},"type":"if","locations":[{"start":{"line":157,"column":4},"end":{"line":159,"column":5}},{"start":{},"end":{}}],"line":157},"25":{"loc":{"start":{"line":164,"column":9},"end":{"line":164,"column":44}},"type":"cond-expr","locations":[{"start":{"line":164,"column":18},"end":{"line":164,"column":39}},{"start":{"line":164,"column":42},"end":{"line":164,"column":44}}],"line":164},"26":{"loc":{"start":{"line":165,"column":9},"end":{"line":165,"column":38}},"type":"cond-expr","locations":[{"start":{"line":165,"column":16},"end":{"line":165,"column":33}},{"start":{"line":165,"column":36},"end":{"line":165,"column":38}}],"line":165},"27":{"loc":{"start":{"line":166,"column":9},"end":{"line":166,"column":78}},"type":"cond-expr","locations":[{"start":{"line":166,"column":21},"end":{"line":166,"column":37}},{"start":{"line":166,"column":40},"end":{"line":166,"column":78}}],"line":166},"28":{"loc":{"start":{"line":166,"column":40},"end":{"line":166,"column":78}},"type":"cond-expr","locations":[{"start":{"line":166,"column":55},"end":{"line":166,"column":73}},{"start":{"line":166,"column":76},"end":{"line":166,"column":78}}],"line":166}},"s":{"0":1,"1":1,"2":1,"3":6,"4":1,"5":5,"6":5,"7":5,"8":5,"9":1,"10":4,"11":4,"12":4,"13":1,"14":1,"15":1,"16":1,"17":1,"18":1,"19":0,"20":0,"21":0,"22":0,"23":1,"24":0,"25":3,"26":3,"27":3,"28":0,"29":3,"30":3,"31":1,"32":2,"33":3,"34":1,"35":2,"36":2,"37":2,"38":2,"39":2,"40":2,"41":2,"42":2,"43":1,"44":2,"45":2,"46":2,"47":2},"f":{"0":6,"1":2},"b":{"0":[6],"1":[1,5],"2":[1,4],"3":[1,3],"4":[0,0],"5":[0,1],"6":[1,0],"7":[0,3],"8":[1,2],"9":[1,0],"10":[0,0,0,0],"11":[2,0],"12":[0,0],"13":[1,2],"14":[2,1,1,0],"15":[2,1,1],"16":[2,1,0,0],"17":[2,1,1],"18":[2,1,1],"19":[2,2,0],"20":[2,2,2,1],"21":[1,1],"22":[0,2],"23":[1,1],"24":[1,1],"25":[1,1],"26":[0,2],"27":[1,1],"28":[1,0]},"inputSourceMap":null,"_coverageSchema":"1a1c01bbd47fc00a2c39e90264f33305004495a9","hash":"171632c3ece8fc1d26344e17b87c2f5542ae7bf8"}
,"/home/raghav-maheshwari/Raghav/Software_Engg_Project/Server/node-server/src/utils/rateLimiter.js": {"path":"/home/raghav-maheshwari/Raghav/Software_Engg_Project/Server/node-server/src/utils/rateLimiter.js","statementMap":{"0":{"start":{"line":1,"column":15},"end":{"line":1,"column":16}},"1":{"start":{"line":5,"column":14},"end":{"line":5,"column":24}},"2":{"start":{"line":6,"column":15},"end":{"line":6,"column":29}},"3":{"start":{"line":7,"column":22},"end":{"line":7,"column":25}},"4":{"start":{"line":9,"column":2},"end":{"line":13,"column":3}},"5":{"start":{"line":10,"column":4},"end":{"line":12,"column":6}},"6":{"start":{"line":11,"column":6},"end":{"line":11,"column":41}},"7":{"start":{"line":15,"column":2},"end":{"line":15,"column":24}}},"fnMap":{"0":{"name":"rateLimit","decl":{"start":{"line":3,"column":15},"end":{"line":3,"column":24}},"loc":{"start":{"line":3,"column":27},"end":{"line":16,"column":1}},"line":3},"1":{"name":"(anonymous_1)","decl":{"start":{"line":10,"column":22},"end":{"line":10,"column":23}},"loc":{"start":{"line":11,"column":6},"end":{"line":11,"column":41}},"line":11}},"branchMap":{"0":{"loc":{"start":{"line":9,"column":2},"end":{"line":13,"column":3}},"type":"if","locations":[{"start":{"line":9,"column":2},"end":{"line":13,"column":3}},{"start":{},"end":{}}],"line":9}},"s":{"0":1,"1":5,"2":5,"3":5,"4":5,"5":4,"6":4,"7":5},"f":{"0":5,"1":4},"b":{"0":[4,1]},"inputSourceMap":null,"_coverageSchema":"1a1c01bbd47fc00a2c39e90264f33305004495a9","hash":"371c70ccb1dc53775302fc89bfb8d42be080131f"}
,"/home/raghav-maheshwari/Raghav/Software_Engg_Project/Server/node-server/src/utils/retry.js": {"path":"/home/raghav-maheshwari/Raghav/Software_Engg_Project/Server/node-server/src/utils/retry.js","statementMap":{"0":{"start":{"line":2,"column":17},"end":{"line":2,"column":38}},"1":{"start":{"line":3,"column":2},"end":{"line":7,"column":3}},"2":{"start":{"line":4,"column":4},"end":{"line":4,"column":36}},"3":{"start":{"line":4,"column":24},"end":{"line":4,"column":36}},"4":{"start":{"line":5,"column":4},"end":{"line":5,"column":35}},"5":{"start":{"line":5,"column":23},"end":{"line":5,"column":35}},"6":{"start":{"line":6,"column":4},"end":{"line":6,"column":17}},"7":{"start":{"line":9,"column":15},"end":{"line":9,"column":24}},"8":{"start":{"line":11,"column":2},"end":{"line":19,"column":4}},"9":{"start":{"line":23,"column":22},"end":{"line":23,"column":61}},"10":{"start":{"line":24,"column":21},"end":{"line":24,"column":48}},"11":{"start":{"line":25,"column":16},"end":{"line":25,"column":46}},"12":{"start":{"line":27,"column":2},"end":{"line":51,"column":3}},"13":{"start":{"line":27,"column":21},"end":{"line":27,"column":22}},"14":{"start":{"line":28,"column":4},"end":{"line":50,"column":5}},"15":{"start":{"line":29,"column":6},"end":{"line":29,"column":24}},"16":{"start":{"line":31,"column":24},"end":{"line":31,"column":40}},"17":{"start":{"line":32,"column":21},"end":{"line":32,"column":42}},"18":{"start":{"line":33,"column":19},"end":{"line":33,"column":28}},"19":{"start":{"line":35,"column":6},"end":{"line":35,"column":55}},"20":{"start":{"line":35,"column":45},"end":{"line":35,"column":55}},"21":{"start":{"line":37,"column":19},"end":{"line":37,"column":48}},"22":{"start":{"line":38,"column":21},"end":{"line":38,"column":52}},"23":{"start":{"line":39,"column":21},"end":{"line":39,"column":34}},"24":{"start":{"line":41,"column":6},"end":{"line":46,"column":8}},"25":{"start":{"line":48,"column":6},"end":{"line":48,"column":56}},"26":{"start":{"line":48,"column":31},"end":{"line":48,"column":54}},"27":{"start":{"line":49,"column":6},"end":{"line":49,"column":19}}},"fnMap":{"0":{"name":"isRetriableError","decl":{"start":{"line":1,"column":9},"end":{"line":1,"column":25}},"loc":{"start":{"line":1,"column":31},"end":{"line":20,"column":1}},"line":1},"1":{"name":"retryWithBackoff","decl":{"start":{"line":22,"column":22},"end":{"line":22,"column":38}},"loc":{"start":{"line":22,"column":70},"end":{"line":52,"column":1}},"line":22},"2":{"name":"(anonymous_2)","decl":{"start":{"line":48,"column":24},"end":{"line":48,"column":25}},"loc":{"start":{"line":48,"column":31},"end":{"line":48,"column":54}},"line":48}},"branchMap":{"0":{"loc":{"start":{"line":3,"column":2},"end":{"line":7,"column":3}},"type":"if","locations":[{"start":{"line":3,"column":2},"end":{"line":7,"column":3}},{"start":{},"end":{}}],"line":3},"1":{"loc":{"start":{"line":4,"column":4},"end":{"line":4,"column":36}},"type":"if","locations":[{"start":{"line":4,"column":4},"end":{"line":4,"column":36}},{"start":{},"end":{}}],"line":4},"2":{"loc":{"start":{"line":5,"column":4},"end":{"line":5,"column":35}},"type":"if","locations":[{"start":{"line":5,"column":4},"end":{"line":5,"column":35}},{"start":{},"end":{}}],"line":5},"3":{"loc":{"start":{"line":12,"column":4},"end":{"line":18,"column":20}},"type":"binary-expr","locations":[{"start":{"line":12,"column":4},"end":{"line":12,"column":24}},{"start":{"line":13,"column":4},"end":{"line":13,"column":24}},{"start":{"line":14,"column":4},"end":{"line":14,"column":25}},{"start":{"line":15,"column":4},"end":{"line":15,"column":27}},{"start":{"line":16,"column":4},"end":{"line":16,"column":24}},{"start":{"line":17,"column":4},"end":{"line":17,"column":30}},{"start":{"line":18,"column":4},"end":{"line":18,"column":20}}],"line":12},"4":{"loc":{"start":{"line":22,"column":43},"end":{"line":22,"column":54}},"type":"default-arg","locations":[{"start":{"line":22,"column":53},"end":{"line":22,"column":54}}],"line":22},"5":{"loc":{"start":{"line":22,"column":56},"end":{"line":22,"column":68}},"type":"default-arg","locations":[{"start":{"line":22,"column":66},"end":{"line":22,"column":68}}],"line":22},"6":{"loc":{"start":{"line":23,"column":22},"end":{"line":23,"column":61}},"type":"binary-expr","locations":[{"start":{"line":23,"column":22},"end":{"line":23,"column":41}},{"start":{"line":23,"column":45},"end":{"line":23,"column":61}}],"line":23},"7":{"loc":{"start":{"line":24,"column":21},"end":{"line":24,"column":48}},"type":"binary-expr","locations":[{"start":{"line":24,"column":21},"end":{"line":24,"column":39}},{"start":{"line":24,"column":43},"end":{"line":24,"column":48}}],"line":24},"8":{"loc":{"start":{"line":25,"column":16},"end":{"line":25,"column":46}},"type":"binary-expr","locations":[{"start":{"line":25,"column":16},"end":{"line":25,"column":38}},{"start":{"line":25,"column":42},"end":{"line":25,"column":46}}],"line":25},"9":{"loc":{"start":{"line":35,"column":6},"end":{"line":35,"column":55}},"type":"if","locations":[{"start":{"line":35,"column":6},"end":{"line":35,"column":55}},{"start":{},"end":{}}],"line":35},"10":{"loc":{"start":{"line":35,"column":10},"end":{"line":35,"column":43}},"type":"binary-expr","locations":[{"start":{"line":35,"column":10},"end":{"line":35,"column":20}},{"start":{"line":35,"column":24},"end":{"line":35,"column":43}}],"line":35},"11":{"loc":{"start":{"line":43,"column":11},"end":{"line":43,"column":46}},"type":"cond-expr","locations":[{"start":{"line":43,"column":20},"end":{"line":43,"column":41}},{"start":{"line":43,"column":44},"end":{"line":43,"column":46}}],"line":43},"12":{"loc":{"start":{"line":44,"column":11},"end":{"line":44,"column":40}},"type":"cond-expr","locations":[{"start":{"line":44,"column":18},"end":{"line":44,"column":35}},{"start":{"line":44,"column":38},"end":{"line":44,"column":40}}],"line":44},"13":{"loc":{"start":{"line":45,"column":11},"end":{"line":45,"column":49}},"type":"cond-expr","locations":[{"start":{"line":45,"column":26},"end":{"line":45,"column":44}},{"start":{"line":45,"column":47},"end":{"line":45,"column":49}}],"line":45}},"s":{"0":2,"1":2,"2":0,"3":0,"4":0,"5":0,"6":0,"7":2,"8":2,"9":1,"10":1,"11":1,"12":1,"13":1,"14":3,"15":3,"16":2,"17":2,"18":2,"19":2,"20":0,"21":2,"22":2,"23":2,"24":2,"25":2,"26":2,"27":2},"f":{"0":2,"1":1,"2":2},"b":{"0":[0,2],"1":[0,0],"2":[0,0],"3":[2,2,2,0,0,0,0],"4":[0],"5":[0],"6":[1,1],"7":[1,1],"8":[1,0],"9":[0,2],"10":[2,2],"11":[0,2],"12":[2,0],"13":[2,0]},"inputSourceMap":null,"_coverageSchema":"1a1c01bbd47fc00a2c39e90264f33305004495a9","hash":"a9f6942ac928237c795d5ae8a4fbae64a769b4bd"}
}
