TN:
SF:src/controllers/wallet.controller.js
FN:5,registerWallet
FN:42,getWalletTransactions
FNF:2
FNH:2
FNDA:2,registerWallet
FNDA:1,getWalletTransactions
DA:6,2
DA:7,2
DA:9,2
DA:10,1
DA:15,1
DA:17,1
DA:18,1
DA:26,1
DA:28,1
DA:34,0
DA:36,0
DA:43,1
DA:44,1
DA:46,1
DA:47,0
DA:52,1
DA:54,1
DA:55,0
DA:60,1
DA:65,1
DA:72,0
DA:74,0
LF:22
LH:16
BRDA:9,0,0,1
BRDA:9,0,1,1
BRDA:9,1,0,2
BRDA:9,1,1,2
BRDA:17,2,0,1
BRDA:17,2,1,0
BRDA:46,3,0,0
BRDA:46,3,1,1
BRDA:46,4,0,1
BRDA:46,4,1,1
BRDA:54,5,0,0
BRDA:54,5,1,1
BRF:12
BRH:9
end_of_record
TN:
SF:src/services/goldrush.service.js
FN:18,fetchGoldrushTxs
FN:74,(anonymous_1)
FNF:2
FNH:2
FNDA:5,fetchGoldrushTxs
FNDA:1,(anonymous_1)
DA:7,1
DA:16,1
DA:21,5
DA:22,0
DA:26,5
DA:28,5
DA:30,5
DA:31,5
DA:33,5
DA:34,0
DA:39,5
DA:44,5
DA:45,5
DA:51,5
DA:52,5
DA:54,5
DA:66,4
DA:68,4
DA:69,4
DA:70,0
DA:73,4
DA:74,1
DA:86,1
DA:87,1
DA:89,1
DA:94,1
DA:102,1
DA:108,1
DA:109,1
DA:110,1
LF:30
LH:27
BRDA:21,0,0,0
BRDA:21,0,1,5
BRDA:21,1,0,5
BRDA:21,1,1,0
BRDA:21,1,2,0
BRDA:21,1,3,0
BRDA:26,2,0,5
BRDA:26,2,1,0
BRDA:31,3,0,5
BRDA:31,3,1,5
BRDA:33,4,0,0
BRDA:33,4,1,5
BRDA:40,5,0,0
BRDA:40,5,1,5
BRDA:52,6,0,0
BRDA:52,6,1,5
BRDA:66,7,0,4
BRDA:66,7,1,1
BRDA:68,8,0,4
BRDA:68,8,1,1
BRDA:69,9,0,0
BRDA:69,9,1,4
BRDA:89,10,0,1
BRDA:89,10,1,1
BRDA:89,10,2,1
BRDA:89,10,3,1
BRDA:96,11,0,1
BRDA:96,11,1,0
BRDA:97,12,0,0
BRDA:97,12,1,1
BRDA:98,13,0,0
BRDA:98,13,1,1
BRDA:104,14,0,1
BRDA:104,14,1,0
BRDA:105,15,0,0
BRDA:105,15,1,1
BRDA:106,16,0,0
BRDA:106,16,1,1
BRDA:106,17,0,1
BRDA:106,17,1,0
BRF:40
BRH:24
end_of_record
TN:
SF:src/services/ledger.service.js
FN:17,insertEntries
FN:20,(anonymous_1)
FN:32,(anonymous_2)
FN:45,startHistoricalSync
FN:75,(anonymous_4)
FN:88,(anonymous_5)
FN:129,(anonymous_6)
FN:142,(anonymous_7)
FNF:8
FNH:8
FNDA:2,insertEntries
FNDA:2,(anonymous_1)
FNDA:2,(anonymous_2)
FNDA:4,startHistoricalSync
FNDA:3,(anonymous_4)
FNDA:1,(anonymous_5)
FNDA:1,(anonymous_6)
FNDA:1,(anonymous_7)
DA:9,1
DA:12,1
DA:14,1
DA:15,1
DA:18,2
DA:20,2
DA:21,2
DA:30,2
DA:32,2
DA:40,2
DA:41,2
DA:42,2
DA:47,4
DA:49,4
DA:51,4
DA:52,0
DA:55,4
DA:56,4
DA:57,4
DA:58,4
DA:59,4
DA:62,4
DA:63,3
DA:64,3
DA:65,3
DA:67,3
DA:68,3
DA:69,3
DA:70,3
DA:71,0
DA:72,0
DA:75,3
DA:76,3
DA:79,2
DA:83,2
DA:85,1
DA:87,1
DA:88,1
DA:101,1
DA:102,1
DA:103,1
DA:105,1
DA:106,1
DA:108,1
DA:109,1
DA:110,1
DA:116,1
DA:117,1
DA:118,1
DA:119,1
DA:121,1
DA:122,1
DA:123,1
DA:124,1
DA:125,0
DA:126,0
DA:129,1
DA:130,1
DA:133,1
DA:137,1
DA:139,1
DA:141,1
DA:142,1
DA:155,1
DA:156,1
DA:157,1
DA:159,1
DA:160,1
DA:162,0
DA:163,0
DA:164,0
DA:169,4
DA:174,4
DA:175,4
DA:177,4
DA:180,0
DA:181,0
DA:182,0
DA:183,0
DA:185,0
LF:80
LH:67
BRDA:15,0,0,1
BRDA:15,0,1,1
BRDA:18,1,0,0
BRDA:18,1,1,2
BRDA:21,2,0,2
BRDA:21,2,1,2
BRDA:21,2,2,2
BRDA:21,2,3,2
BRDA:21,2,4,2
BRDA:21,2,5,2
BRDA:21,2,6,2
BRDA:21,2,7,2
BRDA:30,3,0,0
BRDA:30,3,1,2
BRDA:41,4,0,2
BRDA:41,4,1,0
BRDA:51,5,0,0
BRDA:51,5,1,4
BRDA:62,6,0,3
BRDA:62,6,1,1
BRDA:70,7,0,0
BRDA:70,7,1,3
BRDA:83,8,0,1
BRDA:83,8,1,1
BRDA:91,9,0,1
BRDA:91,9,1,0
BRDA:92,10,0,1
BRDA:92,10,1,0
BRDA:93,11,0,1
BRDA:93,11,1,0
BRDA:97,12,0,1
BRDA:97,12,1,0
BRDA:116,13,0,1
BRDA:116,13,1,0
BRDA:124,14,0,0
BRDA:124,14,1,1
BRDA:137,15,0,0
BRDA:137,15,1,1
BRDA:145,16,0,1
BRDA:145,16,1,0
BRDA:146,17,0,1
BRDA:146,17,1,0
BRDA:147,18,0,1
BRDA:147,18,1,0
BRDA:151,19,0,1
BRDA:151,19,1,0
BRDA:174,20,0,1
BRDA:174,20,1,3
BRF:48
BRH:32
end_of_record
TN:
SF:src/services/tatum.service.js
FN:25,fetchTatumTxs
FN:126,(anonymous_1)
FNF:2
FNH:2
FNDA:6,fetchTatumTxs
FNDA:2,(anonymous_1)
DA:5,1
DA:22,1
DA:23,1
DA:27,6
DA:28,1
DA:32,5
DA:34,5
DA:36,5
DA:38,5
DA:39,1
DA:42,4
DA:44,4
DA:47,4
DA:50,1
DA:66,1
DA:67,1
DA:68,1
DA:73,1
DA:74,1
DA:77,0
DA:78,0
DA:79,0
DA:81,0
DA:84,1
DA:87,3
DA:104,3
DA:106,3
DA:107,0
DA:111,3
DA:113,3
DA:115,1
DA:118,2
DA:121,3
DA:122,1
DA:125,2
DA:126,2
DA:138,2
DA:139,2
DA:141,2
DA:147,2
DA:149,2
DA:157,2
DA:158,1
DA:162,2
DA:168,2
DA:169,2
DA:171,2
LF:47
LH:42
BRDA:25,0,0,6
BRDA:27,1,0,1
BRDA:27,1,1,5
BRDA:38,2,0,1
BRDA:38,2,1,4
BRDA:47,3,0,1
BRDA:47,3,1,3
BRDA:77,4,0,0
BRDA:77,4,1,0
BRDA:84,5,0,0
BRDA:84,5,1,1
BRDA:84,6,0,1
BRDA:84,6,1,0
BRDA:106,7,0,0
BRDA:106,7,1,3
BRDA:113,8,0,1
BRDA:113,8,1,2
BRDA:115,9,0,1
BRDA:115,9,1,0
BRDA:115,10,0,0
BRDA:115,10,1,0
BRDA:115,10,2,0
BRDA:115,10,3,0
BRDA:118,11,0,2
BRDA:118,11,1,0
BRDA:118,12,0,0
BRDA:118,12,1,0
BRDA:121,13,0,1
BRDA:121,13,1,2
BRDA:127,14,0,2
BRDA:127,14,1,1
BRDA:127,14,2,1
BRDA:127,14,3,0
BRDA:128,15,0,2
BRDA:128,15,1,1
BRDA:128,15,2,1
BRDA:129,16,0,2
BRDA:129,16,1,1
BRDA:129,16,2,0
BRDA:129,16,3,0
BRDA:130,17,0,2
BRDA:130,17,1,1
BRDA:130,17,2,1
BRDA:131,18,0,2
BRDA:131,18,1,1
BRDA:131,18,2,1
BRDA:132,19,0,2
BRDA:132,19,1,2
BRDA:132,19,2,0
BRDA:141,20,0,2
BRDA:141,20,1,2
BRDA:141,20,2,2
BRDA:141,20,3,1
BRDA:151,21,0,1
BRDA:151,21,1,1
BRDA:152,22,0,0
BRDA:152,22,1,2
BRDA:153,23,0,1
BRDA:153,23,1,1
BRDA:157,24,0,1
BRDA:157,24,1,1
BRDA:164,25,0,1
BRDA:164,25,1,1
BRDA:165,26,0,0
BRDA:165,26,1,2
BRDA:166,27,0,1
BRDA:166,27,1,1
BRDA:166,28,0,1
BRDA:166,28,1,0
BRF:69
BRH:49
end_of_record
TN:
SF:src/utils/rateLimiter.js
FN:3,rateLimit
FN:10,(anonymous_1)
FNF:2
FNH:2
FNDA:5,rateLimit
FNDA:4,(anonymous_1)
DA:1,1
DA:5,5
DA:6,5
DA:7,5
DA:9,5
DA:10,4
DA:11,4
DA:15,5
LF:8
LH:8
BRDA:9,0,0,4
BRDA:9,0,1,1
BRF:2
BRH:2
end_of_record
TN:
SF:src/utils/retry.js
FN:1,isRetriableError
FN:22,retryWithBackoff
FN:48,(anonymous_2)
FNF:3
FNH:3
FNDA:2,isRetriableError
FNDA:1,retryWithBackoff
FNDA:2,(anonymous_2)
DA:2,2
DA:3,2
DA:4,0
DA:5,0
DA:6,0
DA:9,2
DA:11,2
DA:23,1
DA:24,1
DA:25,1
DA:27,1
DA:28,3
DA:29,3
DA:31,2
DA:32,2
DA:33,2
DA:35,2
DA:37,2
DA:38,2
DA:39,2
DA:41,2
DA:48,2
DA:49,2
LF:23
LH:20
BRDA:3,0,0,0
BRDA:3,0,1,2
BRDA:4,1,0,0
BRDA:4,1,1,0
BRDA:5,2,0,0
BRDA:5,2,1,0
BRDA:12,3,0,2
BRDA:12,3,1,2
BRDA:12,3,2,2
BRDA:12,3,3,0
BRDA:12,3,4,0
BRDA:12,3,5,0
BRDA:12,3,6,0
BRDA:22,4,0,0
BRDA:22,5,0,0
BRDA:23,6,0,1
BRDA:23,6,1,1
BRDA:24,7,0,1
BRDA:24,7,1,1
BRDA:25,8,0,1
BRDA:25,8,1,0
BRDA:35,9,0,0
BRDA:35,9,1,2
BRDA:35,10,0,2
BRDA:35,10,1,2
BRDA:43,11,0,0
BRDA:43,11,1,2
BRDA:44,12,0,2
BRDA:44,12,1,0
BRDA:45,13,0,2
BRDA:45,13,1,0
BRF:31
BRH:15
end_of_record
